-------------------------------------------------------------------------------
Test set: com.nhom2.GetListInvoiceTest
-------------------------------------------------------------------------------
Tests run: 1, Failures: 1, Errors: 0, Skipped: 0, Time elapsed: 0.123 s <<< FAILURE! - in com.nhom2.GetListInvoiceTest
getListInvoiceSuccess(com.nhom2.GetListInvoiceTest)  Time elapsed: 0.122 s  <<< FAILURE!
java.lang.AssertionError: expected:<0> but was:<1>
	at com.nhom2.GetListInvoiceTest.getListInvoiceSuccess(GetListInvoiceTest.java:32)

