-------------------------------------------------------------------------------
Test set: com.nhom2.GetListInvoiceTest
-------------------------------------------------------------------------------
Tests run: 1, Failures: 1, Errors: 0, Skipped: 0, Time elapsed: 0.001 s <<< FAILURE! - in com.nhom2.GetListInvoiceTest
getListInvoiceSuccess(com.nhom2.GetListInvoiceTest)  Time elapsed: 0 s  <<< FAILURE!
java.lang.AssertionError: expected:<11> but was:<7>
	at com.nhom2.GetListInvoiceTest.getListInvoiceSuccess(GetListInvoiceTest.java:31)

