-------------------------------------------------------------------------------
Test set: com.nhom2.AppTest
-------------------------------------------------------------------------------
Tests run: 2, Failures: 1, Errors: 0, Skipped: 0, Time elapsed: 0.456 s <<< FAILURE! - in com.nhom2.AppTest
addInvoiceSuccess(com.nhom2.AppTest)  Time elapsed: 0.398 s  <<< FAILURE!
org.junit.ComparisonFailure: expected:<[error]> but was:<[success]>
	at com.nhom2.AppTest.addInvoiceSuccess(AppTest.java:36)

